Node created1
Node created1
Node created1
Image 20210715_000633_0f44 added to compute queue
Image 20210715_000634_0f44 added to compute queue
Image 20210715_000635_0f44 added to compute queue
Image 20210715_000636_0f44 added to compute queue
Image 20210715_000637_0f44 added to compute queue
Node created1
Node created1
Image 20210715_000633_0f44 added to compute queue
Image sent:  at time 2021-07-15 00:06:33.006032
Image 20210715_000634_0f44 added to compute queue
Image 20210715_000635_0f44 added to compute queue
Image sent:  at time 2021-07-15 00:06:35.333014
Image 20210715_000636_0f44 added to compute queue
Image 20210715_000637_0f44 added to compute queue
Image sent:  at time 2021-07-15 00:06:37.316727
Image 20210715_000638_0f44 added to compute queue
Image 20210715_000638_1_0f44 added to compute queue
Node created1
Node created1
Image 20210715_000633_0f44 added to compute queue
Image 20210715_000634_0f44 added to compute queue
Image 20210715_000635_0f44 added to compute queue
Image 20210715_000636_0f44 added to compute queue
Image 20210715_000637_0f44 added to compute queue
Image 20210715_000638_0f44 added to compute queue
Image 20210715_000638_1_0f44 added to compute queue
Image 20210715_000639_0f44 added to compute queue
Image 20210715_000640_0f44 added to compute queue
Node created1
Node created1
Image 20210715_000633_0f44 added to compute queue
Image 20210715_000634_0f44 added to compute queue
Image 20210715_000635_0f44 added to compute queue
Image 20210715_000636_0f44 added to compute queue
Image 20210715_000637_0f44 added to compute queue
Node created1
Node created1
Image 20210715_000633_0f44 added to compute queue
Image 20210715_000634_0f44 added to compute queue
Image 20210715_000635_0f44 added to compute queue
Node created1
Node created1
Image 20210715_000633_0f44 added to compute queue
Image 20210715_000634_0f44 added to compute queue
Image 20210715_000635_0f44 added to compute queue
Image 20210715_000636_0f44 added to compute queue
Image 20210715_000637_0f44 added to compute queue
Image 20210715_000638_0f44 added to compute queue
Image 20210715_000638_1_0f44 added to compute queue
Image 20210715_000639_0f44 added to compute queue
Node created1
Node created1
Image 20210715_000633_0f44 added to compute queue
Image 20210715_000634_0f44 added to compute queue
Image 20210715_000635_0f44 added to compute queue
Node created1
Node created1
Image 20210715_000633_0f44 added to compute queue
Image 20210715_000634_0f44 added to compute queue
Image 20210715_000635_0f44 added to compute queue
Image 20210715_000636_0f44 added to compute queue
Image 20210715_000637_0f44 added to compute queue
Image 20210715_000638_0f44 added to compute queue
Image 20210715_000638_1_0f44 added to compute queue
Image 20210715_000639_0f44 added to compute queue
Image 20210715_000640_0f44 added to compute queue
Image 20210715_000641_0f44 added to compute queue
Image 20210715_000642_0f44 added to compute queue
Image 20210715_000643_0f44 added to compute queue
Image 20210715_000644_0f44 added to compute queue
Image 20210715_000645_0f44 added to compute queue
Image 20210715_000646_1_0f44 added to compute queue
Image 20210715_000646_0f44 added to compute queue
Image 20210715_000647_0f44 added to compute queue
Image 20210715_000648_0f44 added to compute queue
Image 20210715_000649_0f44 added to compute queue
Image 20210715_000650_0f44 added to compute queue
Image 20210715_000651_0f44 added to compute queue
Image 20210715_000652_0f44 added to compute queue
Image 20210715_000653_1_0f44 added to compute queue
Image 20210715_000653_0f44 added to compute queue
Image 20210715_000654_0f44 added to compute queue
Image 20210715_000655_0f44 added to compute queue
Image 20210715_000656_0f44 added to compute queue
Image 20210715_000657_0f44 added to compute queue
Image 20210715_000658_0f44 added to compute queue
Image 20210715_000659_0f44 added to compute queue
Node created1
Node created1
Image 20210715_000633_0f44 added to compute queue
Image sent: 20210715_000633_0f44 at time 2021-07-15 00:06:33.001357
Image 20210715_000634_0f44 added to compute queue
Image 20210715_000635_0f44 added to compute queue
Image sent: 20210715_000634_0f44 at time 2021-07-15 00:06:35.352001
Image 20210715_000636_0f44 added to compute queue
Image 20210715_000637_0f44 added to compute queue
Image sent: 20210715_000635_0f44 at time 2021-07-15 00:06:37.315939
Image 20210715_000638_0f44 added to compute queue
Image 20210715_000638_1_0f44 added to compute queue
Node created1
Node created1
Image 20210715_000633_0f44 added to compute queue
Image sent: 20210715_000633_0f44 at time 2021-07-15 00:06:33.006349
Image 20210715_000634_0f44 added to compute queue
Image 20210715_000635_0f44 added to compute queue
Image sent: 20210715_000634_0f44 at time 2021-07-15 00:06:35.340690
Image 20210715_000636_0f44 added to compute queue
Image 20210715_000637_0f44 added to compute queue
Image sent: 20210715_000635_0f44 at time 2021-07-15 00:06:37.306394
Node created1
Node created1
Image 20210715_000633_0f44 added to compute queue
Image sent: 20210715_000633_0f44 at time 2021-07-15 00:06:33.000958
Image 20210715_000634_0f44 added to compute queue
Image 20210715_000635_0f44 added to compute queue
Image sent: 20210715_000634_0f44 at time 2021-07-15 00:06:35.327173
Image received:  at time 2021-07-15 00:06:35.327275
Image 20210715_000636_0f44 added to compute queue
Image 20210715_000637_0f44 added to compute queue
Image sent: 20210715_000635_0f44 at time 2021-07-15 00:06:37.300113
Image 20210715_000638_0f44 added to compute queue
Image 20210715_000638_1_0f44 added to compute queue
Image 20210715_000639_0f44 added to compute queue
Image sent: 20210715_000636_0f44 at time 2021-07-15 00:06:39.263052
Image received:  at time 2021-07-15 00:06:39.263239
Image 20210715_000640_0f44 added to compute queue
Image 20210715_000641_0f44 added to compute queue
Image sent: 20210715_000637_0f44 at time 2021-07-15 00:06:41.256109
Image 20210715_000642_0f44 added to compute queue
Image 20210715_000643_0f44 added to compute queue
Image received:  at time 2021-07-15 00:06:43.226237
Image sent: 20210715_000638_0f44 at time 2021-07-15 00:06:43.231194
Image 20210715_000644_0f44 added to compute queue
Image 20210715_000645_0f44 added to compute queue
Image sent: 20210715_000638_1_0f44 at time 2021-07-15 00:06:45.206397
Image 20210715_000646_1_0f44 added to compute queue
Image 20210715_000646_0f44 added to compute queue
Image 20210715_000647_0f44 added to compute queue
Image received:  at time 2021-07-15 00:06:47.164241
Image sent: 20210715_000639_0f44 at time 2021-07-15 00:06:47.165223
Image 20210715_000648_0f44 added to compute queue
Image 20210715_000649_0f44 added to compute queue
Image sent: 20210715_000640_0f44 at time 2021-07-15 00:06:49.135357
Image 20210715_000650_0f44 added to compute queue
Image 20210715_000651_0f44 added to compute queue
Image received:  at time 2021-07-15 00:06:51.098240
Image sent: 20210715_000641_0f44 at time 2021-07-15 00:06:51.103313
Image 20210715_000652_0f44 added to compute queue
Node created1
Node created1
Node created1
